<?xml version="1.0" encoding="utf-8" standalone="yes"?>
<Events><Event xmlns='http://schemas.microsoft.com/win/2004/08/events/event'><System><Provider Name='gupdate'/><EventID Qualifiers='0'>0</EventID><Level>4</Level><Task>0</Task><Keywords>0x80000000000000</Keywords><TimeCreated SystemTime='2014-10-29T13:26:18.000000000Z'/><EventRecordID>10101</EventRecordID><Channel>Application</Channel><Computer>fabi-lenovo</Computer><Security/></System><EventData><Data>Service stopped</Data></EventData></Event><Event xmlns='http://schemas.microsoft.com/win/2004/08/events/event'><System><Provider Name='Microsoft-Windows-LoadPerf' Guid='{122EE297-BB47-41AE-B265-1CA8D1886D40}'/><EventID>1000</EventID><Version>0</Version><Level>4</Level><Task>0</Task><Opcode>0</Opcode><Keywords>0x8000000000000000</Keywords><TimeCreated SystemTime='2014-10-29T13:18:46.665846700Z'/><EventRecordID>10100</EventRecordID><Correlation/><Execution ProcessID='2284' ThreadID='1824'/><Channel>Application</Channel><Computer>fabi-lenovo</Computer><Security UserID='S-1-5-18'/></System><UserData><EventXML xmlns='LoadPerf'><param1>WmiApRpl</param1><param2>WmiApRpl</param2><binaryDataSize>16</binaryDataSize><binaryData>08200000BA20000009200000BB200000</binaryData></EventXML></UserData><RenderingInfo Culture='de-DE'><Message>Performance counters for the WmiApRpl (WmiApRpl) service were loaded successfully. The Record Data in the data section contains the new index values assigned to this service.</Message><Level>Information</Level><Task></Task><Opcode>Info</Opcode><Channel>Application</Channel><Provider>Microsoft-Windows-LoadPerf</Provider><Keywords></Keywords></RenderingInfo></Event><Event xmlns='http://schemas.microsoft.com/win/2004/08/events/event'><System><Provider Name='Microsoft-Windows-LoadPerf' Guid='{122EE297-BB47-41AE-B265-1CA8D1886D40}'/><EventID>1001</EventID><Version>0</Version><Level>4</Level><Task>0</Task><Opcode>0</Opcode><Keywords>0x8000000000000000</Keywords><TimeCreated SystemTime='2014-10-29T13:18:46.618973300Z'/><EventRecordID>10099</EventRecordID><Correlation/><Execution ProcessID='2284' ThreadID='1824'/><Channel>Application</Channel><Computer>fabi-lenovo</Computer><Security UserID='S-1-5-18'/></System><UserData><EventXML xmlns='LoadPerf'><param1>WmiApRpl</param1><param2>WmiApRpl</param2><binaryDataSize>12</binaryDataSize><binaryData>0620000007200000D6050000</binaryData></EventXML></UserData><RenderingInfo Culture='de-DE'><Message>Performance counters for the WmiApRpl (WmiApRpl) service were removed successfully. The Record Data contains the new values of the system Last Counter and Last Help registry entries.</Message><Level>Information</Level><Task></Task><Opcode>Info</Opcode><Channel>Application</Channel><Provider>Microsoft-Windows-LoadPerf</Provider><Keywords></Keywords></RenderingInfo></Event><Event xmlns='http://schemas.microsoft.com/win/2004/08/events/event'><System><Provider Name='ESENT'/><EventID Qualifiers='0'>103</EventID><Level>4</Level><Task>1</Task><Keywords>0x80000000000000</Keywords><TimeCreated SystemTime='2014-10-29T13:17:50.000000000Z'/><EventRecordID>10098</EventRecordID><Channel>Application</Channel><Computer>fabi-lenovo</Computer><Security/></System><EventData><Data>svchost</Data><Data>6384</Data><Data>Instance: </Data><Data>0</Data><Data>[1] 0.000, [2] 0.000, [3] 0.000, [4] 0.000, [5] 0.000, [6] 0.000, [7] 0.000, [8] 0.000, [9] 0.000, [10] 0.016, [11] 0.000, [12] 0.000, [13] 0.000, [14] 0.000, [15] 0.000.</Data><Data>0</Data></EventData><RenderingInfo Culture='de-DE'><Message>svchost (6384) Instance: The database engine stopped the instance (0). 
 
Dirty Shutdown: 0 
 
Internal Timing Sequence: [1] 0.000, [2] 0.000, [3] 0.000, [4] 0.000, [5] 0.000, [6] 0.000, [7] 0.000, [8] 0.000, [9] 0.000, [10] 0.016, [11] 0.000, [12] 0.000, [13] 0.000, [14] 0.000, [15] 0.000.</Message><Level>Information</Level><Task>General</Task><Opcode>Info</Opcode><Channel></Channel><Provider></Provider><Keywords><Keyword>Classic</Keyword></Keywords></RenderingInfo></Event><Event xmlns='http://schemas.microsoft.com/win/2004/08/events/event'><System><Provider Name='ESENT'/><EventID Qualifiers='0'>327</EventID><Level>4</Level><Task>1</Task><Keywords>0x80000000000000</Keywords><TimeCreated SystemTime='2014-10-29T13:17:50.000000000Z'/><EventRecordID>10097</EventRecordID><Channel>Application</Channel><Computer>fabi-lenovo</Computer><Security/></System><EventData><Data>svchost</Data><Data>6384</Data><Data>Instance: </Data><Data>1</Data><Data>C:\ProgramData\Microsoft\Windows\AppRepository\PackageRepository.edb</Data><Data>0</Data><Data>[1] 0.000, [2] 0.000, [3] 0.000, [4] 0.000, [5] 0.000, [6] 0.016, [7] 0.000, [8] 0.000, [9] 0.000, [10] 0.000, [11] 0.015, [12] 0.000.</Data><Data>0 0</Data></EventData><RenderingInfo Culture='de-DE'><Message>svchost (6384) Instance: The database engine detached a database (1, C:\ProgramData\Microsoft\Windows\AppRepository\PackageRepository.edb). (Time=0 seconds) 
 
Internal Timing Sequence: [1] 0.000, [2] 0.000, [3] 0.000, [4] 0.000, [5] 0.000, [6] 0.016, [7] 0.000, [8] 0.000, [9] 0.000, [10] 0.000, [11] 0.015, [12] 0.000. 
Revived Cache: 0 0</Message><Level>Information</Level><Task>General</Task><Opcode>Info</Opcode><Channel></Channel><Provider></Provider><Keywords><Keyword>Classic</Keyword></Keywords></RenderingInfo></Event><Event xmlns='http://schemas.microsoft.com/win/2004/08/events/event'><System><Provider Name='Microsoft-Windows-Security-SPP' Guid='{E23B33B0-C8C9-472C-A5F9-F2BDFEA0F156}' EventSourceName='Software Protection Platform Service'/><EventID Qualifiers='16384'>1003</EventID><Version>0</Version><Level>4</Level><Task>0</Task><Opcode>0</Opcode><Keywords>0x80000000000000</Keywords><TimeCreated SystemTime='2014-10-29T13:17:17.000000000Z'/><EventRecordID>10096</EventRecordID><Correlation/><Execution ProcessID='0' ThreadID='0'/><Channel>Application</Channel><Computer>fabi-lenovo</Computer><Security/></System><EventData><Data>0ff1ce15-a989-479d-af46-f275c6370663</Data><Data>
1: 2b88c4f2-ea8f-43cd-805e-4d41346e18a7, 1, 0 [(0 [0xC004F014, 0, 0], [(?)(?)(?)(?)(?)(?)(?)(?)])(1 )(2 )]
2: b322da9c-a2e2-4058-9e4e-f59a6970bd69, 1, 1 [(0 [0x00000000, 1, 0], [(?)( 1 0x00000000)(?)( 2 0x00000000 0 0 msft:rm/algorithm/volume/1.0 0x00000000 246211)(?)(?)(?)(?)])(1 )(2 )]

</Data></EventData><RenderingInfo Culture='de-DE'><Message>The Software Protection service has completed licensing status check.
Application Id=0ff1ce15-a989-479d-af46-f275c6370663
Licensing Status=
1: 2b88c4f2-ea8f-43cd-805e-4d41346e18a7, 1, 0 [(0 [0xC004F014, 0, 0], [(?)(?)(?)(?)(?)(?)(?)(?)])(1 )(2 )]
2: b322da9c-a2e2-4058-9e4e-f59a6970bd69, 1, 1 [(0 [0x00000000, 1, 0], [(?)( 1 0x00000000)(?)( 2 0x00000000 0 0 msft:rm/algorithm/volume/1.0 0x00000000 246211)(?)(?)(?)(?)])(1 )(2 )]

</Message><Level>Information</Level><Task></Task><Opcode></Opcode><Channel></Channel><Provider>Microsoft-Windows-Security-SPP</Provider><Keywords><Keyword>Classic</Keyword></Keywords></RenderingInfo></Event><Event xmlns='http://schemas.microsoft.com/win/2004/08/events/event'><System><Provider Name='Application Hang'/><EventID Qualifiers='0'>1002</EventID><Level>2</Level><Task>101</Task><Keywords>0x80000000000000</Keywords><TimeCreated SystemTime='2014-10-29T11:42:12.000000000Z'/><EventRecordID>10095</EventRecordID><Channel>Application</Channel><Computer>fabi-lenovo</Computer><Security/></System><EventData><Data>chrome.exe</Data><Data>38.0.2125.104</Data><Data>ab8</Data><Data>01cfeedf78dca503</Data><Data>4294967295</Data><Data>C:\Program Files (x86)\Google\Chrome\Application\chrome.exe</Data><Data>9dceae6f-5f60-11e4-8260-8d1acbbbf560</Data><Data></Data><Data></Data><Binary>55006E006B006E006F0077006E0000000000</Binary></EventData><RenderingInfo Culture='de-DE'><Message>The program chrome.exe version 38.0.2125.104 stopped interacting with Windows and was closed. To see if more information about the problem is available, check the problem history in the Action Center control panel.
 Process ID: ab8
 Start Time: 01cfeedf78dca503
 Termination Time: 4294967295
 Application Path: C:\Program Files (x86)\Google\Chrome\Application\chrome.exe
 Report Id: 9dceae6f-5f60-11e4-8260-8d1acbbbf560
 Faulting package full name: 
 Faulting package-relative application ID: 
</Message><Level>Error</Level><Task></Task><Opcode>Info</Opcode><Channel></Channel><Provider></Provider><Keywords><Keyword>Classic</Keyword></Keywords></RenderingInfo></Event><Event xmlns='http://schemas.microsoft.com/win/2004/08/events/event'><System><Provider Name='Windows Error Reporting'/><EventID Qualifiers='0'>1001</EventID><Level>4</Level><Task>0</Task><Keywords>0x80000000000000</Keywords><TimeCreated SystemTime='2014-10-29T11:42:12.000000000Z'/><EventRecordID>10094</EventRecordID><Channel>Application</Channel><Computer>fabi-lenovo</Computer><Security/></System><EventData><Data></Data><Data>0</Data><Data>AppHangB1</Data><Data>Not available</Data><Data>0</Data><Data>chrome.exe</Data><Data>38.0.2125.104</Data><Data>5437298b</Data><Data>6e30</Data><Data>134217728</Data><Data></Data><Data></Data><Data></Data><Data></Data><Data></Data><Data></Data><Data>C:\Users\fabi\AppData\Local\Microsoft\Windows\WER\ReportArchive\AppHang_chrome.exe_7a377f5e1bafaf3788bf221e6bd42fc05a1c15_0c34277a_2e3a2433</Data><Data></Data><Data>0</Data><Data>9dceae6f-5f60-11e4-8260-8d1acbbbf560</Data><Data>2048</Data><Data></Data></EventData><RenderingInfo Culture='de-DE'><Message>Fault bucket , type 0
Event Name: AppHangB1
Response: Not available
Cab Id: 0

Problem signature:
P1: chrome.exe
P2: 38.0.2125.104
P3: 5437298b
P4: 6e30
P5: 134217728
P6: 
P7: 
P8: 
P9: 
P10: 

Attached files:

These files may be available here:
C:\Users\fabi\AppData\Local\Microsoft\Windows\WER\ReportArchive\AppHang_chrome.exe_7a377f5e1bafaf3788bf221e6bd42fc05a1c15_0c34277a_2e3a2433

Analysis symbol: 
Rechecking for solution: 0
Report Id: 9dceae6f-5f60-11e4-8260-8d1acbbbf560
Report Status: 2048
Hashed bucket: </Message><Level>Information</Level><Task></Task><Opcode>Info</Opcode><Channel></Channel><Provider></Provider><Keywords><Keyword>Classic</Keyword></Keywords></RenderingInfo></Event><Event xmlns='http://schemas.microsoft.com/win/2004/08/events/event'><System><Provider Name='Microsoft-Windows-LoadPerf' Guid='{122EE297-BB47-41AE-B265-1CA8D1886D40}'/><EventID>1000</EventID><Version>0</Version><Level>4</Level><Task>0</Task><Opcode>0</Opcode><Keywords>0x8000000000000000</Keywords><TimeCreated SystemTime='2014-10-29T11:42:02.688610200Z'/><EventRecordID>10093</EventRecordID><Correlation/><Execution ProcessID='3944' ThreadID='3172'/><Channel>Application</Channel><Computer>fabi-lenovo</Computer><Security UserID='S-1-5-18'/></System><UserData><EventXML xmlns='LoadPerf'><param1>WmiApRpl</param1><param2>WmiApRpl</param2><binaryDataSize>16</binaryDataSize><binaryData>08200000BA20000009200000BB200000</binaryData></EventXML></UserData><RenderingInfo Culture='de-DE'><Message>Performance counters for the WmiApRpl (WmiApRpl) service were loaded successfully. The Record Data in the data section contains the new index values assigned to this service.</Message><Level>Information</Level><Task></Task><Opcode>Info</Opcode><Channel>Application</Channel><Provider>Microsoft-Windows-LoadPerf</Provider><Keywords></Keywords></RenderingInfo></Event><Event xmlns='http://schemas.microsoft.com/win/2004/08/events/event'><System><Provider Name='Microsoft-Windows-LoadPerf' Guid='{122EE297-BB47-41AE-B265-1CA8D1886D40}'/><EventID>1001</EventID><Version>0</Version><Level>4</Level><Task>0</Task><Opcode>0</Opcode><Keywords>0x8000000000000000</Keywords><TimeCreated SystemTime='2014-10-29T11:42:02.641754200Z'/><EventRecordID>10092</EventRecordID><Correlation/><Execution ProcessID='3944' ThreadID='3172'/><Channel>Application</Channel><Computer>fabi-lenovo</Computer><Security UserID='S-1-5-18'/></System><UserData><EventXML xmlns='LoadPerf'><param1>WmiApRpl</param1><param2>WmiApRpl</param2><binaryDataSize>12</binaryDataSize><binaryData>0620000007200000D6050000</binaryData></EventXML></UserData><RenderingInfo Culture='de-DE'><Message>Performance counters for the WmiApRpl (WmiApRpl) service were removed successfully. The Record Data contains the new values of the system Last Counter and Last Help registry entries.</Message><Level>Information</Level><Task></Task><Opcode>Info</Opcode><Channel>Application</Channel><Provider>Microsoft-Windows-LoadPerf</Provider><Keywords></Keywords></RenderingInfo></Event></Events>