<?xml version="1.0" encoding="utf-8" standalone="yes"?>
<Events><Event xmlns='http://schemas.microsoft.com/win/2004/08/events/event'><System><Provider Name='Microsoft-Windows-Security-Auditing' Guid='{54849625-5478-4994-A5BA-3E3B0328C30D}'/><EventID>4658</EventID><Version>0</Version><Level>0</Level><Task>12800</Task><Opcode>0</Opcode><Keywords>0x8020000000000000</Keywords><TimeCreated SystemTime='2016-01-07T11:52:28.685137400Z'/><EventRecordID>68406</EventRecordID><Correlation/><Execution ProcessID='4' ThreadID='72'/><Channel>Security</Channel><Computer>A_PULUR</Computer><Security/></System><EventData><Data Name='SubjectUserSid'>S-1-5-21-321449231-1582996120-1350375519-1000</Data><Data Name='SubjectUserName'>samsung</Data><Data Name='SubjectDomainName'>A_PULUR</Data><Data Name='SubjectLogonId'>0x583508</Data><Data Name='ObjectServer'>Security</Data><Data Name='HandleId'>0x5e8</Data><Data Name='ProcessId'>0x16d4</Data><Data Name='ProcessName'>C:\Windows\explorer.exe</Data></EventData></Event><Event xmlns='http://schemas.microsoft.com/win/2004/08/events/event'><System><Provider Name='Microsoft-Windows-Security-Auditing' Guid='{54849625-5478-4994-A5BA-3E3B0328C30D}'/><EventID>4656</EventID><Version>1</Version><Level>0</Level><Task>12800</Task><Opcode>0</Opcode><Keywords>0x8020000000000000</Keywords><TimeCreated SystemTime='2016-01-07T11:52:28.685137400Z'/><EventRecordID>68405</EventRecordID><Correlation/><Execution ProcessID='864' ThreadID='880'/><Channel>Security</Channel><Computer>A_PULUR</Computer><Security/></System><EventData><Data Name='SubjectUserSid'>S-1-5-21-321449231-1582996120-1350375519-1000</Data><Data Name='SubjectUserName'>samsung</Data><Data Name='SubjectDomainName'>A_PULUR</Data><Data Name='SubjectLogonId'>0x583508</Data><Data Name='ObjectServer'>Security</Data><Data Name='ObjectType'>File</Data><Data Name='ObjectName'>C:\Users\samsung\workspace\temp_parser\hello.txt</Data><Data Name='HandleId'>0x5e8</Data><Data Name='TransactionId'>{00000000-0000-0000-0000-000000000000}</Data><Data Name='AccessList'>%%1538
				%%1541
				%%4416
				%%4419
				%%4423
				</Data><Data Name='AccessReason'>%%1538:	%%1804
				%%1541:	%%1801	D:(A;;FA;;;BA)
				%%4416:	%%1801	D:(A;;FA;;;BA)
				%%4419:	%%1801	D:(A;;FA;;;BA)
				%%4423:	%%1801	D:(A;;FA;;;BA)
				</Data><Data Name='AccessMask'>0x120089</Data><Data Name='PrivilegeList'>-</Data><Data Name='RestrictedSidCount'>0</Data><Data Name='ProcessId'>0x16d4</Data><Data Name='ProcessName'>C:\Windows\explorer.exe</Data></EventData></Event><Event xmlns='http://schemas.microsoft.com/win/2004/08/events/event'><System><Provider Name='Microsoft-Windows-Security-Auditing' Guid='{54849625-5478-4994-A5BA-3E3B0328C30D}'/><EventID>4658</EventID><Version>0</Version><Level>0</Level><Task>12800</Task><Opcode>0</Opcode><Keywords>0x8020000000000000</Keywords><TimeCreated SystemTime='2016-01-07T11:52:28.654135700Z'/><EventRecordID>68404</EventRecordID><Correlation/><Execution ProcessID='4' ThreadID='76'/><Channel>Security</Channel><Computer>A_PULUR</Computer><Security/></System><EventData><Data Name='SubjectUserSid'>S-1-5-21-321449231-1582996120-1350375519-1000</Data><Data Name='SubjectUserName'>samsung</Data><Data Name='SubjectDomainName'>A_PULUR</Data><Data Name='SubjectLogonId'>0x583508</Data><Data Name='ObjectServer'>Security</Data><Data Name='HandleId'>0x11cc</Data><Data Name='ProcessId'>0x16d4</Data><Data Name='ProcessName'>C:\Windows\explorer.exe</Data></EventData></Event><Event xmlns='http://schemas.microsoft.com/win/2004/08/events/event'><System><Provider Name='Microsoft-Windows-Security-Auditing' Guid='{54849625-5478-4994-A5BA-3E3B0328C30D}'/><EventID>4663</EventID><Version>0</Version><Level>0</Level><Task>12800</Task><Opcode>0</Opcode><Keywords>0x8020000000000000</Keywords><TimeCreated SystemTime='2016-01-07T11:52:28.654135700Z'/><EventRecordID>68403</EventRecordID><Correlation/><Execution ProcessID='4' ThreadID='76'/><Channel>Security</Channel><Computer>A_PULUR</Computer><Security/></System><EventData><Data Name='SubjectUserSid'>S-1-5-21-321449231-1582996120-1350375519-1000</Data><Data Name='SubjectUserName'>samsung</Data><Data Name='SubjectDomainName'>A_PULUR</Data><Data Name='SubjectLogonId'>0x583508</Data><Data Name='ObjectServer'>Security</Data><Data Name='ObjectType'>File</Data><Data Name='ObjectName'>C:\Users\samsung\workspace\temp_parser\hello.txt</Data><Data Name='HandleId'>0x11cc</Data><Data Name='AccessList'>%%4423
				</Data><Data Name='AccessMask'>0x80</Data><Data Name='ProcessId'>0x16d4</Data><Data Name='ProcessName'>C:\Windows\explorer.exe</Data></EventData></Event><Event xmlns='http://schemas.microsoft.com/win/2004/08/events/event'><System><Provider Name='Microsoft-Windows-Security-Auditing' Guid='{54849625-5478-4994-A5BA-3E3B0328C30D}'/><EventID>4663</EventID><Version>0</Version><Level>0</Level><Task>12800</Task><Opcode>0</Opcode><Keywords>0x8020000000000000</Keywords><TimeCreated SystemTime='2016-01-07T11:52:28.654135700Z'/><EventRecordID>68402</EventRecordID><Correlation/><Execution ProcessID='4' ThreadID='76'/><Channel>Security</Channel><Computer>A_PULUR</Computer><Security/></System><EventData><Data Name='SubjectUserSid'>S-1-5-21-321449231-1582996120-1350375519-1000</Data><Data Name='SubjectUserName'>samsung</Data><Data Name='SubjectDomainName'>A_PULUR</Data><Data Name='SubjectLogonId'>0x583508</Data><Data Name='ObjectServer'>Security</Data><Data Name='ObjectType'>File</Data><Data Name='ObjectName'>C:\Users\samsung\workspace\temp_parser\hello.txt</Data><Data Name='HandleId'>0x11cc</Data><Data Name='AccessList'>%%1538
				</Data><Data Name='AccessMask'>0x20000</Data><Data Name='ProcessId'>0x16d4</Data><Data Name='ProcessName'>C:\Windows\explorer.exe</Data></EventData></Event><Event xmlns='http://schemas.microsoft.com/win/2004/08/events/event'><System><Provider Name='Microsoft-Windows-Security-Auditing' Guid='{54849625-5478-4994-A5BA-3E3B0328C30D}'/><EventID>4656</EventID><Version>1</Version><Level>0</Level><Task>12800</Task><Opcode>0</Opcode><Keywords>0x8020000000000000</Keywords><TimeCreated SystemTime='2016-01-07T11:52:28.654135700Z'/><EventRecordID>68401</EventRecordID><Correlation/><Execution ProcessID='864' ThreadID='880'/><Channel>Security</Channel><Computer>A_PULUR</Computer><Security/></System><EventData><Data Name='SubjectUserSid'>S-1-5-21-321449231-1582996120-1350375519-1000</Data><Data Name='SubjectUserName'>samsung</Data><Data Name='SubjectDomainName'>A_PULUR</Data><Data Name='SubjectLogonId'>0x583508</Data><Data Name='ObjectServer'>Security</Data><Data Name='ObjectType'>File</Data><Data Name='ObjectName'>C:\Users\samsung\workspace\temp_parser\hello.txt</Data><Data Name='HandleId'>0x11cc</Data><Data Name='TransactionId'>{00000000-0000-0000-0000-000000000000}</Data><Data Name='AccessList'>%%1538
				%%4423
				</Data><Data Name='AccessReason'>%%1538:	%%1804
				%%4423:	%%1801	D:(A;;FA;;;BA)
				</Data><Data Name='AccessMask'>0x20080</Data><Data Name='PrivilegeList'>-</Data><Data Name='RestrictedSidCount'>0</Data><Data Name='ProcessId'>0x16d4</Data><Data Name='ProcessName'>C:\Windows\explorer.exe</Data></EventData></Event><Event xmlns='http://schemas.microsoft.com/win/2004/08/events/event'><System><Provider Name='Microsoft-Windows-Security-Auditing' Guid='{54849625-5478-4994-A5BA-3E3B0328C30D}'/><EventID>4658</EventID><Version>0</Version><Level>0</Level><Task>12800</Task><Opcode>0</Opcode><Keywords>0x8020000000000000</Keywords><TimeCreated SystemTime='2016-01-07T11:52:28.652135600Z'/><EventRecordID>68400</EventRecordID><Correlation/><Execution ProcessID='4' ThreadID='76'/><Channel>Security</Channel><Computer>A_PULUR</Computer><Security/></System><EventData><Data Name='SubjectUserSid'>S-1-5-21-321449231-1582996120-1350375519-1000</Data><Data Name='SubjectUserName'>samsung</Data><Data Name='SubjectDomainName'>A_PULUR</Data><Data Name='SubjectLogonId'>0x583508</Data><Data Name='ObjectServer'>Security</Data><Data Name='HandleId'>0x11cc</Data><Data Name='ProcessId'>0x16d4</Data><Data Name='ProcessName'>C:\Windows\explorer.exe</Data></EventData></Event><Event xmlns='http://schemas.microsoft.com/win/2004/08/events/event'><System><Provider Name='Microsoft-Windows-Security-Auditing' Guid='{54849625-5478-4994-A5BA-3E3B0328C30D}'/><EventID>4663</EventID><Version>0</Version><Level>0</Level><Task>12800</Task><Opcode>0</Opcode><Keywords>0x8020000000000000</Keywords><TimeCreated SystemTime='2016-01-07T11:52:28.652135600Z'/><EventRecordID>68399</EventRecordID><Correlation/><Execution ProcessID='4' ThreadID='76'/><Channel>Security</Channel><Computer>A_PULUR</Computer><Security/></System><EventData><Data Name='SubjectUserSid'>S-1-5-21-321449231-1582996120-1350375519-1000</Data><Data Name='SubjectUserName'>samsung</Data><Data Name='SubjectDomainName'>A_PULUR</Data><Data Name='SubjectLogonId'>0x583508</Data><Data Name='ObjectServer'>Security</Data><Data Name='ObjectType'>File</Data><Data Name='ObjectName'>C:\Users\samsung\workspace\temp_parser\hello.txt</Data><Data Name='HandleId'>0x11cc</Data><Data Name='AccessList'>%%4423
				</Data><Data Name='AccessMask'>0x80</Data><Data Name='ProcessId'>0x16d4</Data><Data Name='ProcessName'>C:\Windows\explorer.exe</Data></EventData></Event><Event xmlns='http://schemas.microsoft.com/win/2004/08/events/event'><System><Provider Name='Microsoft-Windows-Security-Auditing' Guid='{54849625-5478-4994-A5BA-3E3B0328C30D}'/><EventID>4663</EventID><Version>0</Version><Level>0</Level><Task>12800</Task><Opcode>0</Opcode><Keywords>0x8020000000000000</Keywords><TimeCreated SystemTime='2016-01-07T11:52:28.652135600Z'/><EventRecordID>68398</EventRecordID><Correlation/><Execution ProcessID='4' ThreadID='76'/><Channel>Security</Channel><Computer>A_PULUR</Computer><Security/></System><EventData><Data Name='SubjectUserSid'>S-1-5-21-321449231-1582996120-1350375519-1000</Data><Data Name='SubjectUserName'>samsung</Data><Data Name='SubjectDomainName'>A_PULUR</Data><Data Name='SubjectLogonId'>0x583508</Data><Data Name='ObjectServer'>Security</Data><Data Name='ObjectType'>File</Data><Data Name='ObjectName'>C:\Users\samsung\workspace\temp_parser\hello.txt</Data><Data Name='HandleId'>0x11cc</Data><Data Name='AccessList'>%%1538
				</Data><Data Name='AccessMask'>0x20000</Data><Data Name='ProcessId'>0x16d4</Data><Data Name='ProcessName'>C:\Windows\explorer.exe</Data></EventData></Event><Event xmlns='http://schemas.microsoft.com/win/2004/08/events/event'><System><Provider Name='Microsoft-Windows-Security-Auditing' Guid='{54849625-5478-4994-A5BA-3E3B0328C30D}'/><EventID>4656</EventID><Version>1</Version><Level>0</Level><Task>12800</Task><Opcode>0</Opcode><Keywords>0x8020000000000000</Keywords><TimeCreated SystemTime='2016-01-07T11:52:28.652135600Z'/><EventRecordID>68397</EventRecordID><Correlation/><Execution ProcessID='864' ThreadID='880'/><Channel>Security</Channel><Computer>A_PULUR</Computer><Security/></System><EventData><Data Name='SubjectUserSid'>S-1-5-21-321449231-1582996120-1350375519-1000</Data><Data Name='SubjectUserName'>samsung</Data><Data Name='SubjectDomainName'>A_PULUR</Data><Data Name='SubjectLogonId'>0x583508</Data><Data Name='ObjectServer'>Security</Data><Data Name='ObjectType'>File</Data><Data Name='ObjectName'>C:\Users\samsung\workspace\temp_parser\hello.txt</Data><Data Name='HandleId'>0x11cc</Data><Data Name='TransactionId'>{00000000-0000-0000-0000-000000000000}</Data><Data Name='AccessList'>%%1538
				%%4423
				</Data><Data Name='AccessReason'>%%1538:	%%1804
				%%4423:	%%1801	D:(A;;FA;;;BA)
				</Data><Data Name='AccessMask'>0x20080</Data><Data Name='PrivilegeList'>-</Data><Data Name='RestrictedSidCount'>0</Data><Data Name='ProcessId'>0x16d4</Data><Data Name='ProcessName'>C:\Windows\explorer.exe</Data></EventData></Event><Event xmlns='http://schemas.microsoft.com/win/2004/08/events/event'><System><Provider Name='Microsoft-Windows-Security-Auditing' Guid='{54849625-5478-4994-A5BA-3E3B0328C30D}'/><EventID>4658</EventID><Version>0</Version><Level>0</Level><Task>12800</Task><Opcode>0</Opcode><Keywords>0x8020000000000000</Keywords><TimeCreated SystemTime='2016-01-07T11:52:28.650135400Z'/><EventRecordID>68396</EventRecordID><Correlation/><Execution ProcessID='4' ThreadID='76'/><Channel>Security</Channel><Computer>A_PULUR</Computer><Security/></System><EventData><Data Name='SubjectUserSid'>S-1-5-21-321449231-1582996120-1350375519-1000</Data><Data Name='SubjectUserName'>samsung</Data><Data Name='SubjectDomainName'>A_PULUR</Data><Data Name='SubjectLogonId'>0x583508</Data><Data Name='ObjectServer'>Security</Data><Data Name='HandleId'>0x15e8</Data><Data Name='ProcessId'>0x16d4</Data><Data Name='ProcessName'>C:\Windows\explorer.exe</Data></EventData></Event><Event xmlns='http://schemas.microsoft.com/win/2004/08/events/event'><System><Provider Name='Microsoft-Windows-Security-Auditing' Guid='{54849625-5478-4994-A5BA-3E3B0328C30D}'/><EventID>4663</EventID><Version>0</Version><Level>0</Level><Task>12800</Task><Opcode>0</Opcode><Keywords>0x8020000000000000</Keywords><TimeCreated SystemTime='2016-01-07T11:52:28.650135400Z'/><EventRecordID>68395</EventRecordID><Correlation/><Execution ProcessID='4' ThreadID='76'/><Channel>Security</Channel><Computer>A_PULUR</Computer><Security/></System><EventData><Data Name='SubjectUserSid'>S-1-5-21-321449231-1582996120-1350375519-1000</Data><Data Name='SubjectUserName'>samsung</Data><Data Name='SubjectDomainName'>A_PULUR</Data><Data Name='SubjectLogonId'>0x583508</Data><Data Name='ObjectServer'>Security</Data><Data Name='ObjectType'>File</Data><Data Name='ObjectName'>C:\Users\samsung\workspace\temp_parser\hello.txt</Data><Data Name='HandleId'>0x15e8</Data><Data Name='AccessList'>%%4423
				</Data><Data Name='AccessMask'>0x80</Data><Data Name='ProcessId'>0x16d4</Data><Data Name='ProcessName'>C:\Windows\explorer.exe</Data></EventData></Event><Event xmlns='http://schemas.microsoft.com/win/2004/08/events/event'><System><Provider Name='Microsoft-Windows-Security-Auditing' Guid='{54849625-5478-4994-A5BA-3E3B0328C30D}'/><EventID>4663</EventID><Version>0</Version><Level>0</Level><Task>12800</Task><Opcode>0</Opcode><Keywords>0x8020000000000000</Keywords><TimeCreated SystemTime='2016-01-07T11:52:28.650135400Z'/><EventRecordID>68394</EventRecordID><Correlation/><Execution ProcessID='4' ThreadID='76'/><Channel>Security</Channel><Computer>A_PULUR</Computer><Security/></System><EventData><Data Name='SubjectUserSid'>S-1-5-21-321449231-1582996120-1350375519-1000</Data><Data Name='SubjectUserName'>samsung</Data><Data Name='SubjectDomainName'>A_PULUR</Data><Data Name='SubjectLogonId'>0x583508</Data><Data Name='ObjectServer'>Security</Data><Data Name='ObjectType'>File</Data><Data Name='ObjectName'>C:\Users\samsung\workspace\temp_parser\hello.txt</Data><Data Name='HandleId'>0x15e8</Data><Data Name='AccessList'>%%1538
				</Data><Data Name='AccessMask'>0x20000</Data><Data Name='ProcessId'>0x16d4</Data><Data Name='ProcessName'>C:\Windows\explorer.exe</Data></EventData></Event><Event xmlns='http://schemas.microsoft.com/win/2004/08/events/event'><System><Provider Name='Microsoft-Windows-Security-Auditing' Guid='{54849625-5478-4994-A5BA-3E3B0328C30D}'/><EventID>4656</EventID><Version>1</Version><Level>0</Level><Task>12800</Task><Opcode>0</Opcode><Keywords>0x8020000000000000</Keywords><TimeCreated SystemTime='2016-01-07T11:52:28.650135400Z'/><EventRecordID>68393</EventRecordID><Correlation/><Execution ProcessID='864' ThreadID='880'/><Channel>Security</Channel><Computer>A_PULUR</Computer><Security/></System><EventData><Data Name='SubjectUserSid'>S-1-5-21-321449231-1582996120-1350375519-1000</Data><Data Name='SubjectUserName'>samsung</Data><Data Name='SubjectDomainName'>A_PULUR</Data><Data Name='SubjectLogonId'>0x583508</Data><Data Name='ObjectServer'>Security</Data><Data Name='ObjectType'>File</Data><Data Name='ObjectName'>C:\Users\samsung\workspace\temp_parser\hello.txt</Data><Data Name='HandleId'>0x15e8</Data><Data Name='TransactionId'>{00000000-0000-0000-0000-000000000000}</Data><Data Name='AccessList'>%%1538
				%%4423
				</Data><Data Name='AccessReason'>%%1538:	%%1804
				%%4423:	%%1801	D:(A;;FA;;;BA)
				</Data><Data Name='AccessMask'>0x20080</Data><Data Name='PrivilegeList'>-</Data><Data Name='RestrictedSidCount'>0</Data><Data Name='ProcessId'>0x16d4</Data><Data Name='ProcessName'>C:\Windows\explorer.exe</Data></EventData></Event><Event xmlns='http://schemas.microsoft.com/win/2004/08/events/event'><System><Provider Name='Microsoft-Windows-Security-Auditing' Guid='{54849625-5478-4994-A5BA-3E3B0328C30D}'/><EventID>4658</EventID><Version>0</Version><Level>0</Level><Task>12800</Task><Opcode>0</Opcode><Keywords>0x8020000000000000</Keywords><TimeCreated SystemTime='2016-01-07T11:52:27.596075200Z'/><EventRecordID>68392</EventRecordID><Correlation/><Execution ProcessID='4' ThreadID='72'/><Channel>Security</Channel><Computer>A_PULUR</Computer><Security/></System><EventData><Data Name='SubjectUserSid'>S-1-5-21-321449231-1582996120-1350375519-1000</Data><Data Name='SubjectUserName'>samsung</Data><Data Name='SubjectDomainName'>A_PULUR</Data><Data Name='SubjectLogonId'>0x583508</Data><Data Name='ObjectServer'>Security</Data><Data Name='HandleId'>0x420</Data><Data Name='ProcessId'>0x1210</Data><Data Name='ProcessName'>C:\Program Files (x86)\Java\jre1.8.0_66\bin\javaw.exe</Data></EventData></Event><Event xmlns='http://schemas.microsoft.com/win/2004/08/events/event'><System><Provider Name='Microsoft-Windows-Security-Auditing' Guid='{54849625-5478-4994-A5BA-3E3B0328C30D}'/><EventID>4663</EventID><Version>0</Version><Level>0</Level><Task>12800</Task><Opcode>0</Opcode><Keywords>0x8020000000000000</Keywords><TimeCreated SystemTime='2016-01-07T11:52:27.596075200Z'/><EventRecordID>68391</EventRecordID><Correlation/><Execution ProcessID='4' ThreadID='72'/><Channel>Security</Channel><Computer>A_PULUR</Computer><Security/></System><EventData><Data Name='SubjectUserSid'>S-1-5-21-321449231-1582996120-1350375519-1000</Data><Data Name='SubjectUserName'>samsung</Data><Data Name='SubjectDomainName'>A_PULUR</Data><Data Name='SubjectLogonId'>0x583508</Data><Data Name='ObjectServer'>Security</Data><Data Name='ObjectType'>File</Data><Data Name='ObjectName'>C:\Users\samsung\workspace\temp_parser\hello.txt</Data><Data Name='HandleId'>0x420</Data><Data Name='AccessList'>%%4417
				%%4418
				</Data><Data Name='AccessMask'>0x6</Data><Data Name='ProcessId'>0x1210</Data><Data Name='ProcessName'>C:\Program Files (x86)\Java\jre1.8.0_66\bin\javaw.exe</Data></EventData></Event><Event xmlns='http://schemas.microsoft.com/win/2004/08/events/event'><System><Provider Name='Microsoft-Windows-Security-Auditing' Guid='{54849625-5478-4994-A5BA-3E3B0328C30D}'/><EventID>4656</EventID><Version>1</Version><Level>0</Level><Task>12800</Task><Opcode>0</Opcode><Keywords>0x8020000000000000</Keywords><TimeCreated SystemTime='2016-01-07T11:52:27.595075100Z'/><EventRecordID>68390</EventRecordID><Correlation/><Execution ProcessID='864' ThreadID='880'/><Channel>Security</Channel><Computer>A_PULUR</Computer><Security/></System><EventData><Data Name='SubjectUserSid'>S-1-5-21-321449231-1582996120-1350375519-1000</Data><Data Name='SubjectUserName'>samsung</Data><Data Name='SubjectDomainName'>A_PULUR</Data><Data Name='SubjectLogonId'>0x583508</Data><Data Name='ObjectServer'>Security</Data><Data Name='ObjectType'>File</Data><Data Name='ObjectName'>C:\Users\samsung\workspace\temp_parser\hello.txt</Data><Data Name='HandleId'>0x420</Data><Data Name='TransactionId'>{00000000-0000-0000-0000-000000000000}</Data><Data Name='AccessList'>%%1538
				%%1541
				%%4417
				%%4418
				%%4420
				%%4423
				%%4424
				</Data><Data Name='AccessReason'>%%1538:	%%1804
				%%1541:	%%1801	D:(A;;FA;;;BA)
				%%4417:	%%1801	D:(A;;FA;;;BA)
				%%4418:	%%1801	D:(A;;FA;;;BA)
				%%4420:	%%1801	D:(A;;FA;;;BA)
				%%4423:	%%1801	D:(A;;FA;;;BA)
				%%4424:	%%1801	D:(A;;FA;;;BA)
				</Data><Data Name='AccessMask'>0x120196</Data><Data Name='PrivilegeList'>-</Data><Data Name='RestrictedSidCount'>0</Data><Data Name='ProcessId'>0x1210</Data><Data Name='ProcessName'>C:\Program Files (x86)\Java\jre1.8.0_66\bin\javaw.exe</Data></EventData></Event><Event xmlns='http://schemas.microsoft.com/win/2004/08/events/event'><System><Provider Name='Microsoft-Windows-Security-Auditing' Guid='{54849625-5478-4994-A5BA-3E3B0328C30D}'/><EventID>4658</EventID><Version>0</Version><Level>0</Level><Task>12800</Task><Opcode>0</Opcode><Keywords>0x8020000000000000</Keywords><TimeCreated SystemTime='2016-01-07T11:52:27.595075100Z'/><EventRecordID>68389</EventRecordID><Correlation/><Execution ProcessID='4' ThreadID='72'/><Channel>Security</Channel><Computer>A_PULUR</Computer><Security/></System><EventData><Data Name='SubjectUserSid'>S-1-5-21-321449231-1582996120-1350375519-1000</Data><Data Name='SubjectUserName'>samsung</Data><Data Name='SubjectDomainName'>A_PULUR</Data><Data Name='SubjectLogonId'>0x583508</Data><Data Name='ObjectServer'>Security</Data><Data Name='HandleId'>0x420</Data><Data Name='ProcessId'>0x1210</Data><Data Name='ProcessName'>C:\Program Files (x86)\Java\jre1.8.0_66\bin\javaw.exe</Data></EventData></Event><Event xmlns='http://schemas.microsoft.com/win/2004/08/events/event'><System><Provider Name='Microsoft-Windows-Security-Auditing' Guid='{54849625-5478-4994-A5BA-3E3B0328C30D}'/><EventID>4656</EventID><Version>1</Version><Level>0</Level><Task>12800</Task><Opcode>0</Opcode><Keywords>0x8020000000000000</Keywords><TimeCreated SystemTime='2016-01-07T11:52:27.595075100Z'/><EventRecordID>68388</EventRecordID><Correlation/><Execution ProcessID='864' ThreadID='880'/><Channel>Security</Channel><Computer>A_PULUR</Computer><Security/></System><EventData><Data Name='SubjectUserSid'>S-1-5-21-321449231-1582996120-1350375519-1000</Data><Data Name='SubjectUserName'>samsung</Data><Data Name='SubjectDomainName'>A_PULUR</Data><Data Name='SubjectLogonId'>0x583508</Data><Data Name='ObjectServer'>Security</Data><Data Name='ObjectType'>File</Data><Data Name='ObjectName'>C:\Users\samsung\workspace\temp_parser\hello.txt</Data><Data Name='HandleId'>0x420</Data><Data Name='TransactionId'>{00000000-0000-0000-0000-000000000000}</Data><Data Name='AccessList'>%%1538
				%%1541
				%%4416
				%%4419
				%%4423
				</Data><Data Name='AccessReason'>%%1538:	%%1804
				%%1541:	%%1801	D:(A;;FA;;;BA)
				%%4416:	%%1801	D:(A;;FA;;;BA)
				%%4419:	%%1801	D:(A;;FA;;;BA)
				%%4423:	%%1801	D:(A;;FA;;;BA)
				</Data><Data Name='AccessMask'>0x120089</Data><Data Name='PrivilegeList'>-</Data><Data Name='RestrictedSidCount'>0</Data><Data Name='ProcessId'>0x1210</Data><Data Name='ProcessName'>C:\Program Files (x86)\Java\jre1.8.0_66\bin\javaw.exe</Data></EventData></Event></Events>